---------- Date: 2018-09-02 20:33:51 ~ IP : 127.0.0.1 ----------
REQUEST URI : http://buy.localweb.com/
MOD DETAILS:
   modFile   : D:\git\buy\vqmod/xml/socl_login.xml
   id        : Social Login
   version   : 2.4
   vqmver    : 2.4.1
   author    : Sandklock

File Name    : system/startup.php(0)
VQModObject::applyMod - SEARCH NOT FOUND (SKIPPED): // Common

----------------------------------------------------------------------


---------- Date: 2018-09-02 23:24:56 ~ IP : 127.0.0.1 ----------
REQUEST URI : http://buy.localweb.com/index.php?route=checkout/checkout
MOD DETAILS:
   modFile   : D:\git\buy\vqmod/xml/opencartmy_shipping_logo_setting_bonus.xml
   id        : OpencartMy - Shipping Method Logo Setting (Bonus for Flat Rate, Free Shipping, Pickup From Store)
   version   : 2.0
   vqmver    : 2.4.1
   author    : opencartmy@gmail.com

File Name    : catalog/language/english/shipping/free.php(0)
VQModObject::applyMod - SEARCH NOT FOUND (ABORTING MOD): ?>

----------------------------------------------------------------------


