---------- Date: 2018-09-03 20:22:06 ~ IP : 127.0.0.1 ----------
REQUEST URI : http://buy.localweb.com/
MOD DETAILS:
   modFile   : D:\git\buy\vqmod/xml/a_vqmod_d_quickcheckout.xml
   id        : AJAX QUICK CHECKOUT V6 BY DREAMVENTION
   version   : 2.0.0.0
   vqmver    : 2.2.1
   author    : dreamvention.com
VQModObject::parseMods - Could not resolve path for [system/library/cart/tax.php] (SKIPPED)
MOD DETAILS:
   modFile   : D:\git\buy\vqmod/xml/vqmod_admin_filter_products_by_category_2_0_7.xml
   id        : Admin Filter Products By Category
   version   : 2.0.6
   vqmver    : 1.0.8
   author    : Modification: dobv@seznam.cz
VQModObject::parseMods - Could not resolve path for [admin/language/czech/catalog/product.php] (SKIPPED)
MOD DETAILS:
   modFile   : D:\git\buy\vqmod/xml/socl_login.xml
   id        : Social Login
   version   : 2.4
   vqmver    : 2.4.1
   author    : Sandklock

File Name    : system/startup.php(0)
VQModObject::applyMod - SEARCH NOT FOUND (SKIPPED): // Common

----------------------------------------------------------------------


