---------- Date: 2018-08-29 03:13:40 ~ IP : 23.89.151.97 ----------
REQUEST URI : /index.php?route=product/product&path=62&product_id=2298
MOD DETAILS:
   modFile   : /home/buyindiscount/public_html/vqmod/xml/a_vqmod_d_quickcheckout.xml
   id        : AJAX QUICK CHECKOUT V6 BY DREAMVENTION
   version   : 2.0.0.0
   vqmver    : 2.2.1
   author    : dreamvention.com
VQModObject::parseMods - Could not resolve path for [system/library/cart/tax.php] (SKIPPED)
MOD DETAILS:
   modFile   : /home/buyindiscount/public_html/vqmod/xml/vqmod_admin_filter_products_by_category_2_0_7.xml
   id        : Admin Filter Products By Category
   version   : 2.0.6
   vqmver    : 1.0.8
   author    : Modification: dobv@seznam.cz
VQModObject::parseMods - Could not resolve path for [admin/language/czech/catalog/product.php] (SKIPPED)
MOD DETAILS:
   modFile   : /home/buyindiscount/public_html/vqmod/xml/socl_login.xml
   id        : Social Login
   version   : 2.4
   vqmver    : 2.4.1
   author    : Sandklock

File Name    : system/startup.php(0)
VQModObject::applyMod - SEARCH NOT FOUND (SKIPPED): // Common

----------------------------------------------------------------------


---------- Date: 2018-08-29 03:15:12 ~ IP : 23.89.151.97 ----------
REQUEST URI : /index.php?route=product/product&path=62&product_id=2298
MOD DETAILS:
   modFile   : /home/buyindiscount/public_html/vqmod/xml/a_vqmod_d_quickcheckout.xml
   id        : AJAX QUICK CHECKOUT V6 BY DREAMVENTION
   version   : 2.0.0.0
   vqmver    : 2.2.1
   author    : dreamvention.com
VQModObject::parseMods - Could not resolve path for [system/library/cart/tax.php] (SKIPPED)
MOD DETAILS:
   modFile   : /home/buyindiscount/public_html/vqmod/xml/vqmod_admin_filter_products_by_category_2_0_7.xml
   id        : Admin Filter Products By Category
   version   : 2.0.6
   vqmver    : 1.0.8
   author    : Modification: dobv@seznam.cz
VQModObject::parseMods - Could not resolve path for [admin/language/czech/catalog/product.php] (SKIPPED)
MOD DETAILS:
   modFile   : /home/buyindiscount/public_html/vqmod/xml/socl_login.xml
   id        : Social Login
   version   : 2.4
   vqmver    : 2.4.1
   author    : Sandklock

File Name    : system/startup.php(0)
VQModObject::applyMod - SEARCH NOT FOUND (SKIPPED): // Common

----------------------------------------------------------------------


---------- Date: 2018-08-29 03:15:45 ~ IP : 23.89.151.97 ----------
REQUEST URI : /index.php?route=product/product&path=62&product_id=2298
MOD DETAILS:
   modFile   : /home/buyindiscount/public_html/vqmod/xml/a_vqmod_d_quickcheckout.xml
   id        : AJAX QUICK CHECKOUT V6 BY DREAMVENTION
   version   : 2.0.0.0
   vqmver    : 2.2.1
   author    : dreamvention.com
VQModObject::parseMods - Could not resolve path for [system/library/cart/tax.php] (SKIPPED)
MOD DETAILS:
   modFile   : /home/buyindiscount/public_html/vqmod/xml/vqmod_admin_filter_products_by_category_2_0_7.xml
   id        : Admin Filter Products By Category
   version   : 2.0.6
   vqmver    : 1.0.8
   author    : Modification: dobv@seznam.cz
VQModObject::parseMods - Could not resolve path for [admin/language/czech/catalog/product.php] (SKIPPED)
MOD DETAILS:
   modFile   : /home/buyindiscount/public_html/vqmod/xml/socl_login.xml
   id        : Social Login
   version   : 2.4
   vqmver    : 2.4.1
   author    : Sandklock

File Name    : system/startup.php(0)
VQModObject::applyMod - SEARCH NOT FOUND (SKIPPED): // Common

----------------------------------------------------------------------


---------- Date: 2018-08-29 03:29:02 ~ IP : 23.89.151.97 ----------
REQUEST URI : /index.php?route=checkout/checkout
MOD DETAILS:
   modFile   : /home/buyindiscount/public_html/vqmod/xml/opencartmy_shipping_logo_setting_bonus.xml
   id        : OpencartMy - Shipping Method Logo Setting (Bonus for Flat Rate, Free Shipping, Pickup From Store)
   version   : 2.0
   vqmver    : 2.4.1
   author    : opencartmy@gmail.com

File Name    : catalog/language/english/shipping/free.php(0)
VQModObject::applyMod - SEARCH NOT FOUND (ABORTING MOD): ?>

----------------------------------------------------------------------


